<?xml version="1.0" encoding="UTF-8"?>
<testsuite xmlns:xsi="http://www.w3.org/2001/XMLSchema-instance" xsi:noNamespaceSchemaLocation="https://maven.apache.org/surefire/maven-surefire-plugin/xsd/surefire-test-report-3.0.xsd" version="3.0" name="br.com.thalesmonteiro.desafio_todolist.DesafioTodolistApplicationTests" time="7.194" tests="2" errors="0" skipped="0" failures="1">
  <properties>
[...]
</properties>
  <testcase name="testCreateTodoSuccess" classname="br.com.thalesmonteiro.desafio_todolist.DesafioTodolistApplicationTests" time="1.325">
    <failure message="JSON path &quot;$.length()&quot; expected:&lt;1&gt; but was:&lt;31&gt;" type="java.lang.AssertionError"><![CDATA[java.lang.AssertionError: JSON path "$.length()" expected:<1> but was:<31>
	at org.springframework.test.util.AssertionErrors.fail(AssertionErrors.java:59)
	at org.springframework.test.util.AssertionErrors.assertEquals(AssertionErrors.java:122)
	at org.springframework.test.util.JsonPathExpectationsHelper.assertValue(JsonPathExpectationsHelper.java:123)
	at org.springframework.test.web.reactive.server.JsonPathAssertions.isEqualTo(JsonPathAssertions.java:54)
	at br.com.thalesmonteiro.desafio_todolist.DesafioTodolistApplicationTests.testCreateTodoSuccess(DesafioTodolistApplicationTests.java:35)
	at java.base/java.lang.reflect.Method.invoke(Method.java:580)
	at java.base/java.util.ArrayList.forEach(ArrayList.java:1597)
	at java.base/java.util.ArrayList.forEach(ArrayList.java:1597)
]]></failure>
    <system-out><![CDATA[21:13:57.454 [main] INFO org.springframework.test.context.support.AnnotationConfigContextLoaderUtils -- Could not detect default configuration classes for test class [br.com.thalesmonteiro.desafio_todolist.DesafioTodolistApplicationTests]: DesafioTodolistApplicationTests does not declare any static, non-private, non-final, nested classes annotated with @Configuration.
21:13:57.585 [main] INFO org.springframework.boot.test.context.SpringBootTestContextBootstrapper -- Found @SpringBootConfiguration br.com.thalesmonteiro.desafio_todolist.DesafioTodolistApplication for test class br.com.thalesmonteiro.desafio_todolist.DesafioTodolistApplicationTests
21:13:57.779 [main] INFO org.springframework.boot.devtools.restart.RestartApplicationListener -- Restart disabled due to context in which it is running

  .   ____          _            __ _ _
 /\\ / ___'_ __ _ _(_)_ __  __ _ \ \ \ \
( ( )\___ | '_ | '_| | '_ \/ _` | \ \ \ \
 \\/  ___)| |_)| | | | | || (_| |  ) ) ) )
  '  |____| .__|_| |_|_| |_\__, | / / / /
 =========|_|==============|___/=/_/_/_/

 :: Spring Boot ::                (v3.3.5)

2024-11-07T21:13:58.108-03:00  INFO 3172 --- [desafio-todolist] [           main] b.c.t.d.DesafioTodolistApplicationTests  : Starting DesafioTodolistApplicationTests using Java 23.0.1 with PID 3172 (started by Thales in C:\Users\Usuario\Desktop\Faculdade\desafio-todolist)
2024-11-07T21:13:58.109-03:00  INFO 3172 --- [desafio-todolist] [           main] b.c.t.d.DesafioTodolistApplicationTests  : The following 1 profile is active: "test"
2024-11-07T21:13:58.913-03:00  INFO 3172 --- [desafio-todolist] [           main] .s.d.r.c.RepositoryConfigurationDelegate : Bootstrapping Spring Data JPA repositories in DEFAULT mode.
2024-11-07T21:13:59.071-03:00  INFO 3172 --- [desafio-todolist] [           main] .s.d.r.c.RepositoryConfigurationDelegate : Finished Spring Data repository scanning in 148 ms. Found 1 JPA repository interface.
2024-11-07T21:13:59.760-03:00  INFO 3172 --- [desafio-todolist] [           main] o.s.b.w.embedded.tomcat.TomcatWebServer  : Tomcat initialized with port 0 (http)
2024-11-07T21:13:59.778-03:00  INFO 3172 --- [desafio-todolist] [           main] o.apache.catalina.core.StandardService   : Starting service [Tomcat]
2024-11-07T21:13:59.778-03:00  INFO 3172 --- [desafio-todolist] [           main] o.apache.catalina.core.StandardEngine    : Starting Servlet engine: [Apache Tomcat/10.1.31]
2024-11-07T21:13:59.847-03:00  INFO 3172 --- [desafio-todolist] [           main] o.a.c.c.C.[Tomcat].[localhost].[/]       : Initializing Spring embedded WebApplicationContext
2024-11-07T21:13:59.849-03:00  INFO 3172 --- [desafio-todolist] [           main] w.s.c.ServletWebServerApplicationContext : Root WebApplicationContext: initialization completed in 1718 ms
2024-11-07T21:14:00.079-03:00  INFO 3172 --- [desafio-todolist] [           main] o.hibernate.jpa.internal.util.LogHelper  : HHH000204: Processing PersistenceUnitInfo [name: default]
2024-11-07T21:14:00.165-03:00  INFO 3172 --- [desafio-todolist] [           main] org.hibernate.Version                    : HHH000412: Hibernate ORM core version 6.5.3.Final
2024-11-07T21:14:00.215-03:00  INFO 3172 --- [desafio-todolist] [           main] o.h.c.internal.RegionFactoryInitiator    : HHH000026: Second-level cache disabled
2024-11-07T21:14:00.640-03:00  INFO 3172 --- [desafio-todolist] [           main] o.s.o.j.p.SpringPersistenceUnitInfo      : No LoadTimeWeaver setup: ignoring JPA class transformer
2024-11-07T21:14:00.683-03:00  INFO 3172 --- [desafio-todolist] [           main] com.zaxxer.hikari.HikariDataSource       : HikariPool-1 - Starting...
2024-11-07T21:14:00.908-03:00  INFO 3172 --- [desafio-todolist] [           main] com.zaxxer.hikari.pool.HikariPool        : HikariPool-1 - Added connection org.postgresql.jdbc.PgConnection@4a7db5a
2024-11-07T21:14:00.910-03:00  INFO 3172 --- [desafio-todolist] [           main] com.zaxxer.hikari.HikariDataSource       : HikariPool-1 - Start completed.
2024-11-07T21:14:01.910-03:00  INFO 3172 --- [desafio-todolist] [           main] o.h.e.t.j.p.i.JtaPlatformInitiator       : HHH000489: No JTA platform available (set 'hibernate.transaction.jta.platform' to enable JTA platform integration)
2024-11-07T21:14:01.981-03:00  INFO 3172 --- [desafio-todolist] [           main] j.LocalContainerEntityManagerFactoryBean : Initialized JPA EntityManagerFactory for persistence unit 'default'
2024-11-07T21:14:02.396-03:00  WARN 3172 --- [desafio-todolist] [           main] JpaBaseConfiguration$JpaWebConfiguration : spring.jpa.open-in-view is enabled by default. Therefore, database queries may be performed during view rendering. Explicitly configure spring.jpa.open-in-view to disable this warning
2024-11-07T21:14:02.908-03:00  INFO 3172 --- [desafio-todolist] [           main] o.s.b.w.embedded.tomcat.TomcatWebServer  : Tomcat started on port 54636 (http) with context path '/'
2024-11-07T21:14:02.917-03:00  INFO 3172 --- [desafio-todolist] [           main] b.c.t.d.DesafioTodolistApplicationTests  : Started DesafioTodolistApplicationTests in 5.157 seconds (process running for 6.284)
2024-11-07T21:14:04.013-03:00  INFO 3172 --- [desafio-todolist] [o-auto-1-exec-1] o.a.c.c.C.[Tomcat].[localhost].[/]       : Initializing Spring DispatcherServlet 'dispatcherServlet'
2024-11-07T21:14:04.013-03:00  INFO 3172 --- [desafio-todolist] [o-auto-1-exec-1] o.s.web.servlet.DispatcherServlet        : Initializing Servlet 'dispatcherServlet'
2024-11-07T21:14:04.015-03:00  INFO 3172 --- [desafio-todolist] [o-auto-1-exec-1] o.s.web.servlet.DispatcherServlet        : Completed initialization in 0 ms
]]></system-out>
    <system-err><![CDATA[WARNING: A Java agent has been loaded dynamically (C:\Users\Usuario\.m2\repository\net\bytebuddy\byte-buddy-agent\1.14.19\byte-buddy-agent-1.14.19.jar)
WARNING: If a serviceability tool is in use, please run with -XX:+EnableDynamicAgentLoading to hide this warning
WARNING: If a serviceability tool is not in use, please run with -Djdk.instrument.traceUsage for more information
WARNING: Dynamic loading of agents will be disallowed by default in a future release
]]></system-err>
  </testcase>
  <testcase name="contextLoads" classname="br.com.thalesmonteiro.desafio_todolist.DesafioTodolistApplicationTests" time="0.004">
    <system-out><![CDATA[Perfil ativo: test
]]></system-out>
  </testcase>
</testsuite>